2016-51-07 11:51:04:812[main] TRACE HelloWorld - Entering Log4j Example.
2016-51-07 11:51:04:812[main] INFO  HelloWorld - Hello, World!
2016-51-07 11:51:04:813[main] DEBUG HelloWorld - this is debug msg
2016-51-07 11:51:04:813[main] INFO  HelloWorld - info msg
2016-51-07 11:51:04:813[main] TRACE HelloWorld - Exiting Log4j Example.
2016-52-07 11:52:15:398[main] TRACE HelloWorld - Entering Log4j Example.
2016-52-07 11:52:15:399[main] INFO  HelloWorld - Hello, World!
2016-52-07 11:52:15:399[main] DEBUG HelloWorld - this is debug msg
2016-52-07 11:52:15:399[main] INFO  HelloWorld - info msg
2016-52-07 11:52:15:399[main] TRACE HelloWorld - Exiting Log4j Example.
2016-53-07 11:53:03:088[main] TRACE mytranslator.Database - Connecting to database..
2016-53-07 11:53:03:160[main] TRACE mytranslator.Database - Connecting to database..
2016-53-07 11:53:03:163[main] TRACE mytranslator.Database - Connecting to database..
2016-53-07 11:53:03:190[main] TRACE mytranslator.Database - Connecting to database..
2016-53-07 11:53:03:236[main] TRACE mytranslator.Database - Connecting to database..
2016-53-07 11:53:03:237[main] TRACE mytranslator.Database - Connecting to database..
2016-53-07 11:53:03:292[main] TRACE mytranslator.Database - Connecting to database..
2016-53-07 11:53:03:321[main] TRACE mytranslator.Database - Connecting to database..
2016-53-07 11:53:03:322[main] TRACE mytranslator.Database - Connecting to database..
2016-53-07 11:53:03:355[main] TRACE mytranslator.Database - Connecting to database..
2016-53-07 11:53:03:380[main] TRACE mytranslator.Database - Connecting to database..
2016-53-07 11:53:03:381[main] TRACE mytranslator.Database - Connecting to database..
2016-53-07 11:53:03:409[main] TRACE mytranslator.Database - Connecting to database..
2016-53-07 11:53:03:436[main] TRACE mytranslator.Database - Connecting to database..
2016-53-07 11:53:03:436[main] TRACE mytranslator.Database - Connecting to database..
2016-53-07 11:53:03:472[main] TRACE mytranslator.Database - Connecting to database..
2016-53-07 11:53:03:502[main] TRACE mytranslator.Database - Connecting to database..
2016-53-07 11:53:03:503[main] TRACE mytranslator.Database - Connecting to database..
2016-53-07 11:53:03:533[main] TRACE mytranslator.Database - Connecting to database..
2016-53-07 11:53:03:562[main] TRACE mytranslator.Database - Connecting to database..
2016-53-07 11:53:03:563[main] TRACE mytranslator.Database - Connecting to database..
2016-53-07 11:53:22:017[main] TRACE mytranslator.Database - Connecting to database..
2016-53-07 11:53:22:095[main] TRACE mytranslator.Database - Connecting to database..
2016-53-07 11:53:22:097[main] TRACE mytranslator.Database - Connecting to database..
2016-53-07 11:53:22:128[main] TRACE mytranslator.Database - Connecting to database..
2016-53-07 11:53:22:155[main] TRACE mytranslator.Database - Connecting to database..
2016-53-07 11:53:22:156[main] TRACE mytranslator.Database - Connecting to database..
2016-53-07 11:53:22:184[main] TRACE mytranslator.Database - Connecting to database..
2016-53-07 11:53:22:212[main] TRACE mytranslator.Database - Connecting to database..
2016-53-07 11:53:22:212[main] TRACE mytranslator.Database - Connecting to database..
2016-53-07 11:53:22:243[main] TRACE mytranslator.Database - Connecting to database..
2016-53-07 11:53:22:270[main] TRACE mytranslator.Database - Connecting to database..
2016-53-07 11:53:22:270[main] TRACE mytranslator.Database - Connecting to database..
2016-53-07 11:53:22:298[main] TRACE mytranslator.Database - Connecting to database..
2016-53-07 11:53:22:319[main] TRACE mytranslator.Database - Connecting to database..
2016-53-07 11:53:22:320[main] TRACE mytranslator.Database - Connecting to database..
2016-53-07 11:53:22:346[main] TRACE mytranslator.Database - Connecting to database..
2016-53-07 11:53:22:367[main] TRACE mytranslator.Database - Connecting to database..
2016-53-07 11:53:22:368[main] TRACE mytranslator.Database - Connecting to database..
2016-53-07 11:53:22:395[main] TRACE mytranslator.Database - Connecting to database..
2016-53-07 11:53:22:417[main] TRACE mytranslator.Database - Connecting to database..
2016-53-07 11:53:22:417[main] TRACE mytranslator.Database - Connecting to database..
2016-54-07 11:54:52:627[http-nio-8080-exec-7] TRACE mytranslator.Database - Connecting to database..
2016-54-07 11:54:56:034[http-nio-8080-exec-8] TRACE mytranslator.Database - Connecting to database..
2016-54-07 11:54:56:035[http-nio-8080-exec-8] TRACE mytranslator.Login - Creating session..
2016-17-07 12:17:49:000[main] TRACE HelloWorld - Entering Log4j Example.
2016-17-07 12:17:49:000[main] INFO  HelloWorld - Hello, World!
2016-17-07 12:17:49:000[main] DEBUG HelloWorld - this is debug msg
2016-17-07 12:17:49:000[main] INFO  HelloWorld - info msg
2016-17-07 12:17:49:000[main] TRACE HelloWorld - Exiting Log4j Example.
2016-20-07 12:20:55:725[ContainerBackgroundProcessor[StandardEngine[Catalina]]] TRACE mytranslator.Database - Connecting to database..
2016-20-07 12:20:56:092[localhost-startStop-2] TRACE mytranslator.LoginListener - Connecting to database..
2016-27-07 12:27:46:564[localhost-startStop-3] TRACE mytranslator.LoginListener - Connecting to database..
2016-47-07 12:47:10:692[http-nio-8080-exec-21] TRACE mytranslator.Login - Creating session..
2016-50-07 17:50:42:030[main] INFO  mytranslator.PropertyReader - Loading properties..
2016-50-07 17:50:42:031[main] INFO  mytranslator.PropertyReader - Loading properties..
2016-50-07 17:50:42:031[main] INFO  mytranslator.PropertyReader - Loading properties..
2016-50-07 17:50:42:031[main] INFO  mytranslator.PropertyReader - Loading properties..
2016-50-07 17:50:42:272[main] INFO  mytranslator.PropertyReader - Loading properties..
2016-50-07 17:50:42:272[main] INFO  mytranslator.PropertyReader - Loading properties..
2016-50-07 17:50:42:272[main] INFO  mytranslator.PropertyReader - Loading properties..
2016-50-07 17:50:42:272[main] INFO  mytranslator.PropertyReader - Loading properties..
2016-50-07 17:50:42:371[main] INFO  mytranslator.PropertyReader - Loading properties..
2016-50-07 17:50:42:371[main] INFO  mytranslator.PropertyReader - Loading properties..
2016-50-07 17:50:42:371[main] INFO  mytranslator.PropertyReader - Loading properties..
2016-50-07 17:50:42:371[main] INFO  mytranslator.PropertyReader - Loading properties..
2016-50-07 17:50:42:427[main] INFO  mytranslator.PropertyReader - Loading properties..
2016-50-07 17:50:42:427[main] INFO  mytranslator.PropertyReader - Loading properties..
2016-50-07 17:50:42:427[main] INFO  mytranslator.PropertyReader - Loading properties..
2016-50-07 17:50:42:427[main] INFO  mytranslator.PropertyReader - Loading properties..
2016-50-07 17:50:42:485[main] INFO  mytranslator.PropertyReader - Loading properties..
2016-50-07 17:50:42:485[main] INFO  mytranslator.PropertyReader - Loading properties..
2016-50-07 17:50:42:485[main] INFO  mytranslator.PropertyReader - Loading properties..
2016-50-07 17:50:42:485[main] INFO  mytranslator.PropertyReader - Loading properties..
2016-50-07 17:50:42:535[main] INFO  mytranslator.PropertyReader - Loading properties..
2016-50-07 17:50:42:535[main] INFO  mytranslator.PropertyReader - Loading properties..
2016-50-07 17:50:42:535[main] INFO  mytranslator.PropertyReader - Loading properties..
2016-50-07 17:50:42:535[main] INFO  mytranslator.PropertyReader - Loading properties..
2016-50-07 17:50:42:583[main] INFO  mytranslator.PropertyReader - Loading properties..
2016-50-07 17:50:42:583[main] INFO  mytranslator.PropertyReader - Loading properties..
2016-50-07 17:50:42:583[main] INFO  mytranslator.PropertyReader - Loading properties..
2016-50-07 17:50:42:583[main] INFO  mytranslator.PropertyReader - Loading properties..
2016-50-07 17:50:42:639[main] INFO  mytranslator.PropertyReader - Loading properties..
2016-50-07 17:50:42:639[main] INFO  mytranslator.PropertyReader - Loading properties..
2016-50-07 17:50:44:001[main] INFO  mytranslator.PropertyReader - Loading properties..
2016-50-07 17:50:44:001[main] INFO  mytranslator.PropertyReader - Loading properties..
2016-50-07 17:50:45:109[main] INFO  mytranslator.PropertyReader - Loading properties..
2016-50-07 17:50:45:109[main] INFO  mytranslator.PropertyReader - Loading properties..
2016-50-07 17:50:46:200[main] INFO  mytranslator.PropertyReader - Loading properties..
2016-50-07 17:50:46:200[main] INFO  mytranslator.PropertyReader - Loading properties..
2016-50-07 17:50:47:274[main] INFO  mytranslator.PropertyReader - Loading properties..
2016-50-07 17:50:47:274[main] INFO  mytranslator.PropertyReader - Loading properties..
2016-50-07 17:50:59:119[ContainerBackgroundProcessor[StandardEngine[Catalina]]] INFO  mytranslator.LoginListener - Closing db connection..
2016-50-07 17:50:59:459[localhost-startStop-4] TRACE mytranslator.LoginListener - Connecting to database..
2016-50-07 17:50:59:460[localhost-startStop-4] INFO  mytranslator.PropertyReader - Loading properties..
2016-50-07 17:50:59:460[localhost-startStop-4] INFO  mytranslator.PropertyReader - Loading properties..
2016-50-07 17:50:59:460[localhost-startStop-4] INFO  mytranslator.PropertyReader - Loading properties..
2016-50-07 17:50:59:460[localhost-startStop-4] INFO  mytranslator.PropertyReader - Loading properties..
2016-52-07 17:52:24:899[http-nio-8080-exec-24] TRACE mytranslator.Login - Creating session..
2016-52-07 17:52:24:913[http-nio-8080-exec-24] INFO  mytranslator.PropertyReader - Loading properties..
2016-52-07 17:52:28:514[http-nio-8080-exec-23] TRACE mytranslator.Login - Creating session..
2016-52-07 17:52:28:515[http-nio-8080-exec-23] INFO  mytranslator.PropertyReader - Loading properties..
2016-52-07 17:52:30:497[http-nio-8080-exec-30] TRACE mytranslator.Login - Creating session..
2016-52-07 17:52:30:498[http-nio-8080-exec-30] INFO  mytranslator.PropertyReader - Loading properties..
2016-52-07 17:52:39:339[http-nio-8080-exec-32] TRACE mytranslator.Login - Creating session..
2016-52-07 17:52:39:339[http-nio-8080-exec-32] INFO  mytranslator.PropertyReader - Loading properties..
2016-53-07 17:53:22:436[http-nio-8080-exec-33] TRACE mytranslator.Login - Creating session..
2016-53-07 17:53:22:436[http-nio-8080-exec-33] INFO  mytranslator.PropertyReader - Loading properties..
2016-54-07 17:54:16:481[main] INFO  mytranslator.PropertyReader - Loading properties..
2016-54-07 17:54:16:481[main] INFO  mytranslator.PropertyReader - Loading properties..
2016-54-07 17:54:16:481[main] INFO  mytranslator.PropertyReader - Loading properties..
2016-54-07 17:54:16:481[main] INFO  mytranslator.PropertyReader - Loading properties..
2016-54-07 17:54:16:866[main] INFO  mytranslator.PropertyReader - Loading properties..
2016-54-07 17:54:16:866[main] INFO  mytranslator.PropertyReader - Loading properties..
2016-54-07 17:54:16:866[main] INFO  mytranslator.PropertyReader - Loading properties..
2016-54-07 17:54:16:867[main] INFO  mytranslator.PropertyReader - Loading properties..
2016-54-07 17:54:16:988[main] INFO  mytranslator.PropertyReader - Loading properties..
2016-54-07 17:54:16:988[main] INFO  mytranslator.PropertyReader - Loading properties..
2016-54-07 17:54:16:989[main] INFO  mytranslator.PropertyReader - Loading properties..
2016-54-07 17:54:16:989[main] INFO  mytranslator.PropertyReader - Loading properties..
2016-54-07 17:54:17:046[main] INFO  mytranslator.PropertyReader - Loading properties..
2016-54-07 17:54:17:047[main] INFO  mytranslator.PropertyReader - Loading properties..
2016-54-07 17:54:17:047[main] INFO  mytranslator.PropertyReader - Loading properties..
2016-54-07 17:54:17:047[main] INFO  mytranslator.PropertyReader - Loading properties..
2016-54-07 17:54:17:103[main] INFO  mytranslator.PropertyReader - Loading properties..
2016-54-07 17:54:17:103[main] INFO  mytranslator.PropertyReader - Loading properties..
2016-54-07 17:54:17:103[main] INFO  mytranslator.PropertyReader - Loading properties..
2016-54-07 17:54:17:103[main] INFO  mytranslator.PropertyReader - Loading properties..
2016-54-07 17:54:17:152[main] INFO  mytranslator.PropertyReader - Loading properties..
2016-54-07 17:54:17:152[main] INFO  mytranslator.PropertyReader - Loading properties..
2016-54-07 17:54:17:152[main] INFO  mytranslator.PropertyReader - Loading properties..
2016-54-07 17:54:17:153[main] INFO  mytranslator.PropertyReader - Loading properties..
2016-54-07 17:54:17:210[main] INFO  mytranslator.PropertyReader - Loading properties..
2016-54-07 17:54:17:210[main] INFO  mytranslator.PropertyReader - Loading properties..
2016-54-07 17:54:17:210[main] INFO  mytranslator.PropertyReader - Loading properties..
2016-54-07 17:54:17:210[main] INFO  mytranslator.PropertyReader - Loading properties..
2016-54-07 17:54:17:275[main] INFO  mytranslator.PropertyReader - Loading properties..
2016-54-07 17:54:17:275[main] INFO  mytranslator.PropertyReader - Loading properties..
2016-54-07 17:54:18:776[main] INFO  mytranslator.PropertyReader - Loading properties..
2016-54-07 17:54:18:776[main] INFO  mytranslator.PropertyReader - Loading properties..
2016-54-07 17:54:19:877[main] INFO  mytranslator.PropertyReader - Loading properties..
2016-54-07 17:54:19:878[main] INFO  mytranslator.PropertyReader - Loading properties..
2016-54-07 17:54:21:033[main] INFO  mytranslator.PropertyReader - Loading properties..
2016-54-07 17:54:21:033[main] INFO  mytranslator.PropertyReader - Loading properties..
2016-54-07 17:54:22:136[main] INFO  mytranslator.PropertyReader - Loading properties..
2016-54-07 17:54:22:137[main] INFO  mytranslator.PropertyReader - Loading properties..
2016-54-07 17:54:29:612[ContainerBackgroundProcessor[StandardEngine[Catalina]]] INFO  mytranslator.LoginListener - Closing db connection..
2016-54-07 17:54:29:889[localhost-startStop-5] TRACE mytranslator.LoginListener - Connecting to database..
2016-54-07 17:54:29:889[localhost-startStop-5] INFO  mytranslator.PropertyReader - Loading properties..
2016-54-07 17:54:29:889[localhost-startStop-5] INFO  mytranslator.PropertyReader - Loading properties..
2016-54-07 17:54:29:889[localhost-startStop-5] INFO  mytranslator.PropertyReader - Loading properties..
2016-54-07 17:54:29:889[localhost-startStop-5] INFO  mytranslator.PropertyReader - Loading properties..
2016-54-07 17:54:36:497[http-nio-8080-exec-32] TRACE mytranslator.Login - Creating session..
2016-54-07 17:54:36:510[http-nio-8080-exec-32] INFO  mytranslator.PropertyReader - Loading properties..
2016-54-07 17:54:46:554[http-nio-8080-exec-36] INFO  mytranslator.PropertyReader - Loading properties..
2016-54-07 17:54:46:554[http-nio-8080-exec-36] INFO  mytranslator.PropertyReader - Loading properties..
2016-54-07 17:54:47:683[http-nio-8080-exec-36] INFO  mytranslator.PropertyReader - Loading properties..
2016-54-07 17:54:52:664[http-nio-8080-exec-31] INFO  mytranslator.PropertyReader - Loading properties..
2016-54-07 17:54:52:664[http-nio-8080-exec-31] INFO  mytranslator.PropertyReader - Loading properties..
2016-54-07 17:54:53:834[http-nio-8080-exec-31] INFO  mytranslator.PropertyReader - Loading properties..
2016-55-07 17:55:02:628[http-nio-8080-exec-37] INFO  mytranslator.PropertyReader - Loading properties..
2016-55-07 17:55:02:628[http-nio-8080-exec-37] INFO  mytranslator.PropertyReader - Loading properties..
2016-55-07 17:55:03:716[http-nio-8080-exec-37] INFO  mytranslator.PropertyReader - Loading properties..
2016-55-07 17:55:06:208[http-nio-8080-exec-40] WARN  mytranslator.LogoutServlet - Destroying session !
